<?xml version="1.0" encoding="UTF-8"?>
<!-- Generated by org.testng.reporters.JUnitReportReporter -->
<testsuite skipped="0" hostname="THOR-QA9L" name="myPack.GoogleLaunchAndSearch" tests="1" failures="0" timestamp="26 Jul 2018 06:24:35 GMT" time="16.645" errors="0">
  <testcase name="googleLaunch" time="16.645" classname="myPack.GoogleLaunchAndSearch"/>
</testsuite> <!-- myPack.GoogleLaunchAndSearch -->
