<?xml version="1.0" encoding="UTF-8"?>
<!-- Generated by org.testng.reporters.JUnitReportReporter -->
<testsuite skipped="0" hostname="THOR-QA9L" name="myPack.GoogleLaunchAndSearch" tests="1" failures="0" timestamp="3 Aug 2018 09:12:29 GMT" time="15.153" errors="0">
  <testcase name="googleLaunch" time="15.153" classname="myPack.GoogleLaunchAndSearch"/>
</testsuite> <!-- myPack.GoogleLaunchAndSearch -->
