<?xml version="1.0" encoding="UTF-8"?>
<!-- Generated by org.testng.reporters.JUnitReportReporter -->
<testsuite skipped="0" hostname="THOR-QA9L" name="myPack.GmailLaunch" tests="1" failures="0" timestamp="3 Aug 2018 09:12:29 GMT" time="29.312" errors="0">
  <testcase name="logIn" time="29.312" classname="myPack.GmailLaunch"/>
</testsuite> <!-- myPack.GmailLaunch -->
