<?xml version="1.0" encoding="UTF-8"?>
<!-- Generated by org.testng.reporters.JUnitReportReporter -->
<testsuite skipped="0" hostname="THOR-QA9L" name="myPack.GoogleLaunchAndSearch" tests="1" failures="0" timestamp="25 Jul 2018 07:29:02 GMT" time="15.263" errors="0">
  <testcase name="googleLaunch" time="15.263" classname="myPack.GoogleLaunchAndSearch"/>
</testsuite> <!-- myPack.GoogleLaunchAndSearch -->
