<?xml version="1.0" encoding="UTF-8"?>
<!-- Generated by org.testng.reporters.JUnitReportReporter -->
<testsuite skipped="0" hostname="THOR-QA9L" name="myPack.GoogleLaunchAndSearch" tests="1" failures="0" timestamp="26 Jul 2018 06:58:41 GMT" time="14.660" errors="0">
  <testcase name="googleLaunch" time="14.660" classname="myPack.GoogleLaunchAndSearch"/>
</testsuite> <!-- myPack.GoogleLaunchAndSearch -->
